[debug] [2026-03-03T10:23:04.331Z] ----------------------------------------------------------------------
[debug] [2026-03-03T10:23:04.333Z] Command:       C:\Program Files\nodejs\node.exe C:\Users\John Christian\AppData\Roaming\npm\node_modules\firebase-tools\lib\bin\firebase.js init
[debug] [2026-03-03T10:23:04.334Z] CLI Version:   15.5.1
[debug] [2026-03-03T10:23:04.334Z] Platform:      win32
[debug] [2026-03-03T10:23:04.334Z] Node Version:  v24.12.0
[debug] [2026-03-03T10:23:04.334Z] Time:          Tue Mar 03 2026 18:23:04 GMT+0800 (Philippine Standard Time)
[debug] [2026-03-03T10:23:04.334Z] ----------------------------------------------------------------------
[debug] 
[info] 
     ######## #### ########  ######## ########     ###     ######  ########
     ##        ##  ##     ## ##       ##     ##  ##   ##  ##       ##
     ######    ##  ########  ######   ########  #########  ######  ######
     ##        ##  ##    ##  ##       ##     ## ##     ##       ## ##
     ##       #### ##     ## ######## ########  ##     ##  ######  ########

You're about to initialize a Firebase project in this directory:

  C:\Users\John Christian\Documents\..CODE\PLV GRADES PORTALLLL

[info] 
=== Project Setup
[info] 
[info] First, let's associate this project directory with a Firebase project.
[info] You can create multiple project aliases by running firebase use --add, 
[info] 
[debug] [2026-03-03T10:23:17.652Z] > command requires scopes: ["email","openid","https://www.googleapis.com/auth/cloudplatformprojects.readonly","https://www.googleapis.com/auth/firebase","https://www.googleapis.com/auth/cloud-platform"]
[debug] [2026-03-03T10:23:17.652Z] > authorizing via signed-in user (johnchristianlor13@gmail.com)
[debug] [2026-03-03T10:23:17.653Z] Checked if tokens are valid: true, expires at: 1772534802075
[debug] [2026-03-03T10:23:17.653Z] Checked if tokens are valid: true, expires at: 1772534802075
[debug] [2026-03-03T10:23:17.654Z] >>> [apiv2][query] GET https://firebase.googleapis.com/v1beta1/projects pageSize=100
[debug] [2026-03-03T10:23:18.472Z] <<< [apiv2][status] GET https://firebase.googleapis.com/v1beta1/projects 200
[debug] [2026-03-03T10:23:18.472Z] <<< [apiv2][body] GET https://firebase.googleapis.com/v1beta1/projects [omitted]
